{"/Users/jhonny/dev/personal/strapi-generate-types/src/create-api-interface.ts": {"path":"/Users/jhonny/dev/personal/strapi-generate-types/src/create-api-interface.ts","statementMap":{"0":{"start":{"line":19,"column":34},"end":{"line":37,"column":null}},"1":{"start":{"line":20,"column":8},"end":{"line":20,"column":null}},"2":{"start":{"line":21,"column":20},"end":{"line":21,"column":null}},"3":{"start":{"line":22,"column":21},"end":{"line":22,"column":null}},"4":{"start":{"line":23,"column":17},"end":{"line":23,"column":null}},"5":{"start":{"line":24,"column":21},"end":{"line":24,"column":null}},"6":{"start":{"line":26,"column":2},"end":{"line":28,"column":null}},"7":{"start":{"line":27,"column":4},"end":{"line":27,"column":null}},"8":{"start":{"line":30,"column":2},"end":{"line":32,"column":null}},"9":{"start":{"line":31,"column":4},"end":{"line":31,"column":null}},"10":{"start":{"line":34,"column":2},"end":{"line":34,"column":null}},"11":{"start":{"line":36,"column":2},"end":{"line":36,"column":null}}},"fnMap":{"0":{"name":"(anonymous_0)","decl":{"start":{"line":19,"column":34},"end":{"line":19,"column":41}},"loc":{"start":{"line":19,"column":64},"end":{"line":37,"column":null}},"line":19}},"branchMap":{"0":{"loc":{"start":{"line":30,"column":2},"end":{"line":32,"column":null}},"type":"if","locations":[{"start":{"line":30,"column":2},"end":{"line":32,"column":null}},{"start":{},"end":{}}],"line":30}},"s":{"0":2,"1":8,"2":8,"3":8,"4":8,"5":8,"6":8,"7":9,"8":8,"9":1,"10":8,"11":8},"f":{"0":8},"b":{"0":[1,7]},"meta":{"lastBranch":1,"lastFunction":1,"lastStatement":12,"seen":{"s:19:34:37:Infinity":0,"f:19:34:19:41":0,"s:20:8:20:Infinity":1,"s:21:20:21:Infinity":2,"s:22:21:22:Infinity":3,"s:23:17:23:Infinity":4,"s:24:21:24:Infinity":5,"s:26:2:28:Infinity":6,"s:27:4:27:Infinity":7,"b:30:2:32:Infinity:undefined:undefined:undefined:undefined":0,"s:30:2:32:Infinity":8,"s:31:4:31:Infinity":9,"s:34:2:34:Infinity":10,"s:36:2:36:Infinity":11}}}
,"/Users/jhonny/dev/personal/strapi-generate-types/src/create-component-interface.ts": {"path":"/Users/jhonny/dev/personal/strapi-generate-types/src/create-component-interface.ts","statementMap":{"0":{"start":{"line":19,"column":40},"end":{"line":34,"column":null}},"1":{"start":{"line":20,"column":28},"end":{"line":20,"column":null}},"2":{"start":{"line":21,"column":8},"end":{"line":21,"column":null}},"3":{"start":{"line":22,"column":20},"end":{"line":22,"column":null}},"4":{"start":{"line":23,"column":21},"end":{"line":23,"column":null}},"5":{"start":{"line":24,"column":17},"end":{"line":24,"column":null}},"6":{"start":{"line":26,"column":21},"end":{"line":26,"column":null}},"7":{"start":{"line":27,"column":2},"end":{"line":29,"column":null}},"8":{"start":{"line":28,"column":4},"end":{"line":28,"column":null}},"9":{"start":{"line":31,"column":2},"end":{"line":31,"column":null}},"10":{"start":{"line":33,"column":2},"end":{"line":33,"column":null}}},"fnMap":{"0":{"name":"(anonymous_0)","decl":{"start":{"line":19,"column":40},"end":{"line":19,"column":47}},"loc":{"start":{"line":19,"column":70},"end":{"line":34,"column":null}},"line":19}},"branchMap":{},"s":{"0":1,"1":5,"2":5,"3":5,"4":5,"5":5,"6":5,"7":5,"8":2,"9":5,"10":5},"f":{"0":5},"b":{},"meta":{"lastBranch":0,"lastFunction":1,"lastStatement":11,"seen":{"s:19:40:34:Infinity":0,"f:19:40:19:47":0,"s:20:28:20:Infinity":1,"s:21:8:21:Infinity":2,"s:22:20:22:Infinity":3,"s:23:21:23:Infinity":4,"s:24:17:24:Infinity":5,"s:26:21:26:Infinity":6,"s:27:2:29:Infinity":7,"s:28:4:28:Infinity":8,"s:31:2:31:Infinity":9,"s:33:2:33:Infinity":10}}}
,"/Users/jhonny/dev/personal/strapi-generate-types/src/create-namespace.ts": {"path":"/Users/jhonny/dev/personal/strapi-generate-types/src/create-namespace.ts","statementMap":{"0":{"start":{"line":4,"column":22},"end":{"line":4,"column":null}},"1":{"start":{"line":20,"column":31},"end":{"line":23,"column":null}},"2":{"start":{"line":21,"column":11},"end":{"line":21,"column":null}},"3":{"start":{"line":22,"column":2},"end":{"line":22,"column":null}}},"fnMap":{"0":{"name":"(anonymous_0)","decl":{"start":{"line":20,"column":31},"end":{"line":20,"column":38}},"loc":{"start":{"line":20,"column":76},"end":{"line":23,"column":null}},"line":20}},"branchMap":{},"s":{"0":1,"1":1,"2":4,"3":4},"f":{"0":4},"b":{},"meta":{"lastBranch":0,"lastFunction":1,"lastStatement":4,"seen":{"s:4:22:4:Infinity":0,"s:20:31:23:Infinity":1,"f:20:31:20:38":0,"s:21:11:21:Infinity":2,"s:22:2:22:Infinity":3}}}
,"/Users/jhonny/dev/personal/strapi-generate-types/src/create-routes-enum.ts": {"path":"/Users/jhonny/dev/personal/strapi-generate-types/src/create-routes-enum.ts","statementMap":{"0":{"start":{"line":7,"column":36},"end":{"line":7,"column":null}},"1":{"start":{"line":22,"column":32},"end":{"line":49,"column":null}},"2":{"start":{"line":23,"column":18},"end":{"line":23,"column":null}},"3":{"start":{"line":24,"column":17},"end":{"line":24,"column":null}},"4":{"start":{"line":26,"column":2},"end":{"line":39,"column":null}},"5":{"start":{"line":27,"column":23},"end":{"line":27,"column":null}},"6":{"start":{"line":28,"column":19},"end":{"line":28,"column":null}},"7":{"start":{"line":29,"column":23},"end":{"line":29,"column":null}},"8":{"start":{"line":31,"column":25},"end":{"line":31,"column":null}},"9":{"start":{"line":33,"column":4},"end":{"line":38,"column":null}},"10":{"start":{"line":34,"column":6},"end":{"line":34,"column":null}},"11":{"start":{"line":35,"column":6},"end":{"line":35,"column":null}},"12":{"start":{"line":37,"column":6},"end":{"line":37,"column":null}},"13":{"start":{"line":41,"column":2},"end":{"line":44,"column":null}},"14":{"start":{"line":42,"column":4},"end":{"line":42,"column":null}},"15":{"start":{"line":43,"column":4},"end":{"line":43,"column":null}},"16":{"start":{"line":46,"column":2},"end":{"line":46,"column":null}},"17":{"start":{"line":48,"column":2},"end":{"line":48,"column":null}}},"fnMap":{"0":{"name":"(anonymous_0)","decl":{"start":{"line":22,"column":32},"end":{"line":22,"column":44}},"loc":{"start":{"line":22,"column":44},"end":{"line":49,"column":null}},"line":22}},"branchMap":{"0":{"loc":{"start":{"line":33,"column":4},"end":{"line":38,"column":null}},"type":"if","locations":[{"start":{"line":33,"column":4},"end":{"line":38,"column":null}},{"start":{"line":36,"column":11},"end":{"line":38,"column":null}}],"line":33},"1":{"loc":{"start":{"line":41,"column":2},"end":{"line":44,"column":null}},"type":"if","locations":[{"start":{"line":41,"column":2},"end":{"line":44,"column":null}},{"start":{},"end":{}}],"line":41}},"s":{"0":2,"1":2,"2":5,"3":5,"4":5,"5":2,"6":2,"7":2,"8":2,"9":2,"10":1,"11":1,"12":1,"13":5,"14":1,"15":1,"16":5,"17":5},"f":{"0":5},"b":{"0":[1,1],"1":[1,4]},"meta":{"lastBranch":2,"lastFunction":1,"lastStatement":18,"seen":{"s:7:36:7:Infinity":0,"s:22:32:49:Infinity":1,"f:22:32:22:44":0,"s:23:18:23:Infinity":2,"s:24:17:24:Infinity":3,"s:26:2:39:Infinity":4,"s:27:23:27:Infinity":5,"s:28:19:28:Infinity":6,"s:29:23:29:Infinity":7,"s:31:25:31:Infinity":8,"b:33:4:38:Infinity:36:11:38:Infinity":0,"s:33:4:38:Infinity":9,"s:34:6:34:Infinity":10,"s:35:6:35:Infinity":11,"s:37:6:37:Infinity":12,"b:41:2:44:Infinity:undefined:undefined:undefined:undefined":1,"s:41:2:44:Infinity":13,"s:42:4:42:Infinity":14,"s:43:4:43:Infinity":15,"s:46:2:46:Infinity":16,"s:48:2:48:Infinity":17}}}
,"/Users/jhonny/dev/personal/strapi-generate-types/src/get-custom-fields.ts": {"path":"/Users/jhonny/dev/personal/strapi-generate-types/src/get-custom-fields.ts","statementMap":{"0":{"start":{"line":3,"column":25},"end":{"line":3,"column":null}},"1":{"start":{"line":29,"column":13},"end":{"line":41,"column":null}},"2":{"start":{"line":30,"column":49},"end":{"line":30,"column":null}},"3":{"start":{"line":32,"column":2},"end":{"line":38,"column":null}},"4":{"start":{"line":33,"column":4},"end":{"line":37,"column":null}},"5":{"start":{"line":34,"column":6},"end":{"line":34,"column":null}},"6":{"start":{"line":36,"column":6},"end":{"line":36,"column":null}},"7":{"start":{"line":40,"column":2},"end":{"line":40,"column":null}}},"fnMap":{"0":{"name":"(anonymous_0)","decl":{"start":{"line":29,"column":13},"end":{"line":29,"column":37}},"loc":{"start":{"line":29,"column":37},"end":{"line":41,"column":null}},"line":29},"1":{"name":"(anonymous_1)","decl":{"start":{"line":32,"column":31},"end":{"line":32,"column":40}},"loc":{"start":{"line":32,"column":57},"end":{"line":38,"column":3}},"line":32}},"branchMap":{"0":{"loc":{"start":{"line":33,"column":4},"end":{"line":37,"column":null}},"type":"if","locations":[{"start":{"line":33,"column":4},"end":{"line":37,"column":null}},{"start":{"line":35,"column":11},"end":{"line":37,"column":null}}],"line":33}},"s":{"0":1,"1":1,"2":3,"3":3,"4":6,"5":3,"6":3,"7":3},"f":{"0":3,"1":6},"b":{"0":[3,3]},"meta":{"lastBranch":1,"lastFunction":2,"lastStatement":8,"seen":{"s:3:25:3:Infinity":0,"s:29:13:41:Infinity":1,"f:29:13:29:37":0,"s:30:49:30:Infinity":2,"s:32:2:38:Infinity":3,"f:32:31:32:40":1,"b:33:4:37:Infinity:35:11:37:Infinity":0,"s:33:4:37:Infinity":4,"s:34:6:34:Infinity":5,"s:36:6:36:Infinity":6,"s:40:2:40:Infinity":7}}}
,"/Users/jhonny/dev/personal/strapi-generate-types/src/get-custom-interfaces.ts": {"path":"/Users/jhonny/dev/personal/strapi-generate-types/src/get-custom-interfaces.ts","statementMap":{"0":{"start":{"line":3,"column":25},"end":{"line":3,"column":null}},"1":{"start":{"line":30,"column":13},"end":{"line":43,"column":null}},"2":{"start":{"line":31,"column":2},"end":{"line":42,"column":null}},"3":{"start":{"line":32,"column":4},"end":{"line":34,"column":null}},"4":{"start":{"line":33,"column":6},"end":{"line":33,"column":null}},"5":{"start":{"line":36,"column":14},"end":{"line":39,"column":null}},"6":{"start":{"line":41,"column":4},"end":{"line":41,"column":null}}},"fnMap":{"0":{"name":"(anonymous_0)","decl":{"start":{"line":30,"column":13},"end":{"line":30,"column":41}},"loc":{"start":{"line":30,"column":41},"end":{"line":43,"column":null}},"line":30},"1":{"name":"(anonymous_1)","decl":{"start":{"line":31,"column":38},"end":{"line":31,"column":47}},"loc":{"start":{"line":31,"column":60},"end":{"line":42,"column":3}},"line":31}},"branchMap":{"0":{"loc":{"start":{"line":32,"column":4},"end":{"line":34,"column":null}},"type":"if","locations":[{"start":{"line":32,"column":4},"end":{"line":34,"column":null}},{"start":{},"end":{}}],"line":32}},"s":{"0":1,"1":1,"2":4,"3":8,"4":4,"5":4,"6":4},"f":{"0":4,"1":8},"b":{"0":[4,4]},"meta":{"lastBranch":1,"lastFunction":2,"lastStatement":7,"seen":{"s:3:25:3:Infinity":0,"s:30:13:43:Infinity":1,"f:30:13:30:41":0,"s:31:2:42:Infinity":2,"f:31:38:31:47":1,"b:32:4:34:Infinity:undefined:undefined:undefined:undefined":0,"s:32:4:34:Infinity":3,"s:33:6:33:Infinity":4,"s:36:14:39:Infinity":5,"s:41:4:41:Infinity":6}}}
,"/Users/jhonny/dev/personal/strapi-generate-types/src/get-users-interface.ts": {"path":"/Users/jhonny/dev/personal/strapi-generate-types/src/get-users-interface.ts","statementMap":{"0":{"start":{"line":5,"column":22},"end":{"line":5,"column":null}},"1":{"start":{"line":7,"column":33},"end":{"line":15,"column":null}},"2":{"start":{"line":8,"column":21},"end":{"line":8,"column":null}},"3":{"start":{"line":10,"column":2},"end":{"line":12,"column":null}},"4":{"start":{"line":11,"column":4},"end":{"line":11,"column":null}},"5":{"start":{"line":14,"column":2},"end":{"line":14,"column":null}}},"fnMap":{"0":{"name":"(anonymous_0)","decl":{"start":{"line":7,"column":33},"end":{"line":7,"column":45}},"loc":{"start":{"line":7,"column":45},"end":{"line":15,"column":null}},"line":7}},"branchMap":{"0":{"loc":{"start":{"line":10,"column":2},"end":{"line":12,"column":null}},"type":"if","locations":[{"start":{"line":10,"column":2},"end":{"line":12,"column":null}},{"start":{},"end":{}}],"line":10}},"s":{"0":1,"1":1,"2":3,"3":3,"4":2,"5":1},"f":{"0":3},"b":{"0":[2,1]},"meta":{"lastBranch":1,"lastFunction":1,"lastStatement":6,"seen":{"s:5:22:5:Infinity":0,"s:7:33:15:Infinity":1,"f:7:33:7:45":0,"s:8:21:8:Infinity":2,"b:10:2:12:Infinity:undefined:undefined:undefined:undefined":0,"s:10:2:12:Infinity":3,"s:11:4:11:Infinity":4,"s:14:2:14:Infinity":5}}}
,"/Users/jhonny/dev/personal/strapi-generate-types/src/parse-attribute.ts": {"path":"/Users/jhonny/dev/personal/strapi-generate-types/src/parse-attribute.ts","statementMap":{"0":{"start":{"line":7,"column":21},"end":{"line":7,"column":null}},"1":{"start":{"line":8,"column":6},"end":{"line":8,"column":null}},"2":{"start":{"line":19,"column":13},"end":{"line":121,"column":null}},"3":{"start":{"line":23,"column":12},"end":{"line":23,"column":null}},"4":{"start":{"line":24,"column":13},"end":{"line":24,"column":null}},"5":{"start":{"line":26,"column":2},"end":{"line":28,"column":null}},"6":{"start":{"line":27,"column":4},"end":{"line":27,"column":null}},"7":{"start":{"line":31,"column":2},"end":{"line":118,"column":null}},"8":{"start":{"line":32,"column":4},"end":{"line":32,"column":null}},"9":{"start":{"line":36,"column":7},"end":{"line":118,"column":null}},"10":{"start":{"line":38,"column":6},"end":{"line":40,"column":null}},"11":{"start":{"line":41,"column":4},"end":{"line":41,"column":null}},"12":{"start":{"line":42,"column":4},"end":{"line":42,"column":null}},"13":{"start":{"line":46,"column":7},"end":{"line":118,"column":null}},"14":{"start":{"line":47,"column":4},"end":{"line":47,"column":null}},"15":{"start":{"line":48,"column":4},"end":{"line":48,"column":null}},"16":{"start":{"line":52,"column":7},"end":{"line":118,"column":null}},"17":{"start":{"line":53,"column":4},"end":{"line":55,"column":null}},"18":{"start":{"line":54,"column":18},"end":{"line":54,"column":63}},"19":{"start":{"line":59,"column":7},"end":{"line":118,"column":null}},"20":{"start":{"line":60,"column":4},"end":{"line":60,"column":null}},"21":{"start":{"line":61,"column":4},"end":{"line":61,"column":null}},"22":{"start":{"line":65,"column":7},"end":{"line":118,"column":null}},"23":{"start":{"line":66,"column":4},"end":{"line":66,"column":null}},"24":{"start":{"line":66,"column":40},"end":{"line":66,"column":48}},"25":{"start":{"line":70,"column":7},"end":{"line":118,"column":null}},"26":{"start":{"line":78,"column":4},"end":{"line":78,"column":null}},"27":{"start":{"line":82,"column":7},"end":{"line":118,"column":null}},"28":{"start":{"line":83,"column":4},"end":{"line":83,"column":null}},"29":{"start":{"line":87,"column":7},"end":{"line":118,"column":null}},"30":{"start":{"line":93,"column":4},"end":{"line":93,"column":null}},"31":{"start":{"line":97,"column":7},"end":{"line":118,"column":null}},"32":{"start":{"line":102,"column":4},"end":{"line":102,"column":null}},"33":{"start":{"line":106,"column":7},"end":{"line":118,"column":null}},"34":{"start":{"line":107,"column":4},"end":{"line":107,"column":null}},"35":{"start":{"line":111,"column":7},"end":{"line":118,"column":null}},"36":{"start":{"line":112,"column":4},"end":{"line":112,"column":null}},"37":{"start":{"line":117,"column":4},"end":{"line":117,"column":null}},"38":{"start":{"line":120,"column":2},"end":{"line":120,"column":null}}},"fnMap":{"0":{"name":"(anonymous_0)","decl":{"start":{"line":19,"column":13},"end":{"line":19,"column":null}},"loc":{"start":{"line":22,"column":5},"end":{"line":121,"column":null}},"line":22},"1":{"name":"(anonymous_1)","decl":{"start":{"line":54,"column":7},"end":{"line":54,"column":12}},"loc":{"start":{"line":54,"column":18},"end":{"line":54,"column":63}},"line":54},"2":{"name":"(anonymous_2)","decl":{"start":{"line":66,"column":29},"end":{"line":66,"column":34}},"loc":{"start":{"line":66,"column":40},"end":{"line":66,"column":48}},"line":66}},"branchMap":{"0":{"loc":{"start":{"line":26,"column":2},"end":{"line":28,"column":null}},"type":"if","locations":[{"start":{"line":26,"column":2},"end":{"line":28,"column":null}},{"start":{},"end":{}}],"line":26},"1":{"loc":{"start":{"line":31,"column":2},"end":{"line":118,"column":null}},"type":"if","locations":[{"start":{"line":31,"column":2},"end":{"line":118,"column":null}},{"start":{"line":36,"column":7},"end":{"line":118,"column":null}}],"line":31},"2":{"loc":{"start":{"line":36,"column":7},"end":{"line":118,"column":null}},"type":"if","locations":[{"start":{"line":36,"column":7},"end":{"line":118,"column":null}},{"start":{"line":46,"column":7},"end":{"line":118,"column":null}}],"line":36},"3":{"loc":{"start":{"line":38,"column":6},"end":{"line":40,"column":null}},"type":"cond-expr","locations":[{"start":{"line":39,"column":10},"end":{"line":39,"column":null}},{"start":{"line":40,"column":10},"end":{"line":40,"column":null}}],"line":38},"4":{"loc":{"start":{"line":42,"column":11},"end":{"line":42,"column":null}},"type":"cond-expr","locations":[{"start":{"line":42,"column":54},"end":{"line":42,"column":68}},{"start":{"line":42,"column":68},"end":{"line":42,"column":null}}],"line":42},"5":{"loc":{"start":{"line":46,"column":7},"end":{"line":118,"column":null}},"type":"if","locations":[{"start":{"line":46,"column":7},"end":{"line":118,"column":null}},{"start":{"line":52,"column":7},"end":{"line":118,"column":null}}],"line":46},"6":{"loc":{"start":{"line":48,"column":11},"end":{"line":48,"column":null}},"type":"cond-expr","locations":[{"start":{"line":48,"column":37},"end":{"line":48,"column":51}},{"start":{"line":48,"column":51},"end":{"line":48,"column":null}}],"line":48},"7":{"loc":{"start":{"line":52,"column":7},"end":{"line":118,"column":null}},"type":"if","locations":[{"start":{"line":52,"column":7},"end":{"line":118,"column":null}},{"start":{"line":59,"column":7},"end":{"line":118,"column":null}}],"line":52},"8":{"loc":{"start":{"line":59,"column":7},"end":{"line":118,"column":null}},"type":"if","locations":[{"start":{"line":59,"column":7},"end":{"line":118,"column":null}},{"start":{"line":65,"column":7},"end":{"line":118,"column":null}}],"line":59},"9":{"loc":{"start":{"line":61,"column":11},"end":{"line":61,"column":null}},"type":"cond-expr","locations":[{"start":{"line":61,"column":35},"end":{"line":61,"column":49}},{"start":{"line":61,"column":49},"end":{"line":61,"column":null}}],"line":61},"10":{"loc":{"start":{"line":65,"column":7},"end":{"line":118,"column":null}},"type":"if","locations":[{"start":{"line":65,"column":7},"end":{"line":118,"column":null}},{"start":{"line":70,"column":7},"end":{"line":118,"column":null}}],"line":65},"11":{"loc":{"start":{"line":70,"column":7},"end":{"line":118,"column":null}},"type":"if","locations":[{"start":{"line":70,"column":7},"end":{"line":118,"column":null}},{"start":{"line":82,"column":7},"end":{"line":118,"column":null}}],"line":70},"12":{"loc":{"start":{"line":71,"column":4},"end":{"line":76,"column":null}},"type":"binary-expr","locations":[{"start":{"line":71,"column":4},"end":{"line":71,"column":null}},{"start":{"line":72,"column":4},"end":{"line":72,"column":null}},{"start":{"line":73,"column":4},"end":{"line":73,"column":null}},{"start":{"line":74,"column":4},"end":{"line":74,"column":null}},{"start":{"line":75,"column":4},"end":{"line":75,"column":null}},{"start":{"line":76,"column":4},"end":{"line":76,"column":null}}],"line":71},"13":{"loc":{"start":{"line":82,"column":7},"end":{"line":118,"column":null}},"type":"if","locations":[{"start":{"line":82,"column":7},"end":{"line":118,"column":null}},{"start":{"line":87,"column":7},"end":{"line":118,"column":null}}],"line":82},"14":{"loc":{"start":{"line":87,"column":7},"end":{"line":118,"column":null}},"type":"if","locations":[{"start":{"line":87,"column":7},"end":{"line":118,"column":null}},{"start":{"line":97,"column":7},"end":{"line":118,"column":null}}],"line":87},"15":{"loc":{"start":{"line":88,"column":4},"end":{"line":91,"column":null}},"type":"binary-expr","locations":[{"start":{"line":88,"column":4},"end":{"line":88,"column":null}},{"start":{"line":89,"column":4},"end":{"line":89,"column":null}},{"start":{"line":90,"column":4},"end":{"line":90,"column":null}},{"start":{"line":91,"column":4},"end":{"line":91,"column":null}}],"line":88},"16":{"loc":{"start":{"line":97,"column":7},"end":{"line":118,"column":null}},"type":"if","locations":[{"start":{"line":97,"column":7},"end":{"line":118,"column":null}},{"start":{"line":106,"column":7},"end":{"line":118,"column":null}}],"line":97},"17":{"loc":{"start":{"line":98,"column":4},"end":{"line":100,"column":null}},"type":"binary-expr","locations":[{"start":{"line":98,"column":4},"end":{"line":98,"column":null}},{"start":{"line":99,"column":4},"end":{"line":99,"column":null}},{"start":{"line":100,"column":4},"end":{"line":100,"column":null}}],"line":98},"18":{"loc":{"start":{"line":106,"column":7},"end":{"line":118,"column":null}},"type":"if","locations":[{"start":{"line":106,"column":7},"end":{"line":118,"column":null}},{"start":{"line":111,"column":7},"end":{"line":118,"column":null}}],"line":106},"19":{"loc":{"start":{"line":111,"column":7},"end":{"line":118,"column":null}},"type":"if","locations":[{"start":{"line":111,"column":7},"end":{"line":118,"column":null}},{"start":{"line":116,"column":7},"end":{"line":118,"column":null}}],"line":111},"20":{"loc":{"start":{"line":112,"column":11},"end":{"line":112,"column":null}},"type":"binary-expr","locations":[{"start":{"line":112,"column":11},"end":{"line":112,"column":53}},{"start":{"line":112,"column":53},"end":{"line":112,"column":null}}],"line":112}},"s":{"0":4,"1":4,"2":4,"3":44,"4":44,"5":44,"6":43,"7":44,"8":2,"9":42,"10":5,"11":5,"12":5,"13":37,"14":2,"15":2,"16":35,"17":1,"18":2,"19":34,"20":2,"21":2,"22":32,"23":1,"24":3,"25":31,"26":16,"27":15,"28":1,"29":14,"30":5,"31":9,"32":3,"33":6,"34":3,"35":3,"36":3,"37":0,"38":42},"f":{"0":44,"1":2,"2":3},"b":{"0":[43,1],"1":[2,42],"2":[5,37],"3":[1,4],"4":[2,3],"5":[2,35],"6":[1,1],"7":[1,34],"8":[2,32],"9":[1,1],"10":[1,31],"11":[16,15],"12":[31,21,20,19,17,16],"13":[1,14],"14":[5,9],"15":[14,12,11,10],"16":[3,6],"17":[9,8,7],"18":[3,3],"19":[3,0],"20":[3,1]},"meta":{"lastBranch":21,"lastFunction":3,"lastStatement":39,"seen":{"s:7:21:7:Infinity":0,"s:8:6:8:Infinity":1,"s:19:13:121:Infinity":2,"f:19:13:19:Infinity":0,"s:23:12:23:Infinity":3,"s:24:13:24:Infinity":4,"b:26:2:28:Infinity:undefined:undefined:undefined:undefined":0,"s:26:2:28:Infinity":5,"s:27:4:27:Infinity":6,"b:31:2:118:Infinity:36:7:118:Infinity":1,"s:31:2:118:Infinity":7,"s:32:4:32:Infinity":8,"b:36:7:118:Infinity:46:7:118:Infinity":2,"s:36:7:118:Infinity":9,"s:38:6:40:Infinity":10,"b:39:10:39:Infinity:40:10:40:Infinity":3,"s:41:4:41:Infinity":11,"s:42:4:42:Infinity":12,"b:42:54:42:68:42:68:42:Infinity":4,"b:46:7:118:Infinity:52:7:118:Infinity":5,"s:46:7:118:Infinity":13,"s:47:4:47:Infinity":14,"s:48:4:48:Infinity":15,"b:48:37:48:51:48:51:48:Infinity":6,"b:52:7:118:Infinity:59:7:118:Infinity":7,"s:52:7:118:Infinity":16,"s:53:4:55:Infinity":17,"f:54:7:54:12":1,"s:54:18:54:63":18,"b:59:7:118:Infinity:65:7:118:Infinity":8,"s:59:7:118:Infinity":19,"s:60:4:60:Infinity":20,"s:61:4:61:Infinity":21,"b:61:35:61:49:61:49:61:Infinity":9,"b:65:7:118:Infinity:70:7:118:Infinity":10,"s:65:7:118:Infinity":22,"s:66:4:66:Infinity":23,"f:66:29:66:34":2,"s:66:40:66:48":24,"b:70:7:118:Infinity:82:7:118:Infinity":11,"s:70:7:118:Infinity":25,"b:71:4:71:Infinity:72:4:72:Infinity:73:4:73:Infinity:74:4:74:Infinity:75:4:75:Infinity:76:4:76:Infinity":12,"s:78:4:78:Infinity":26,"b:82:7:118:Infinity:87:7:118:Infinity":13,"s:82:7:118:Infinity":27,"s:83:4:83:Infinity":28,"b:87:7:118:Infinity:97:7:118:Infinity":14,"s:87:7:118:Infinity":29,"b:88:4:88:Infinity:89:4:89:Infinity:90:4:90:Infinity:91:4:91:Infinity":15,"s:93:4:93:Infinity":30,"b:97:7:118:Infinity:106:7:118:Infinity":16,"s:97:7:118:Infinity":31,"b:98:4:98:Infinity:99:4:99:Infinity:100:4:100:Infinity":17,"s:102:4:102:Infinity":32,"b:106:7:118:Infinity:111:7:118:Infinity":18,"s:106:7:118:Infinity":33,"s:107:4:107:Infinity":34,"b:111:7:118:Infinity:116:7:118:Infinity":19,"s:111:7:118:Infinity":35,"s:112:4:112:Infinity":36,"b:112:11:112:53:112:53:112:Infinity":20,"s:117:4:117:Infinity":37,"s:120:2:120:Infinity":38}}}
,"/Users/jhonny/dev/personal/strapi-generate-types/src/file-system/create-dir.ts": {"path":"/Users/jhonny/dev/personal/strapi-generate-types/src/file-system/create-dir.ts","statementMap":{"0":{"start":{"line":7,"column":25},"end":{"line":13,"column":null}},"1":{"start":{"line":8,"column":2},"end":{"line":10,"column":null}},"2":{"start":{"line":9,"column":4},"end":{"line":9,"column":null}},"3":{"start":{"line":12,"column":2},"end":{"line":12,"column":null}}},"fnMap":{"0":{"name":"(anonymous_0)","decl":{"start":{"line":7,"column":25},"end":{"line":7,"column":32}},"loc":{"start":{"line":7,"column":49},"end":{"line":13,"column":null}},"line":7}},"branchMap":{"0":{"loc":{"start":{"line":8,"column":2},"end":{"line":10,"column":null}},"type":"if","locations":[{"start":{"line":8,"column":2},"end":{"line":10,"column":null}},{"start":{},"end":{}}],"line":8}},"s":{"0":1,"1":2,"2":1,"3":1},"f":{"0":2},"b":{"0":[1,1]},"meta":{"lastBranch":1,"lastFunction":1,"lastStatement":4,"seen":{"s:7:25:13:Infinity":0,"f:7:25:7:32":0,"b:8:2:10:Infinity:undefined:undefined:undefined:undefined":0,"s:8:2:10:Infinity":1,"s:9:4:9:Infinity":2,"s:12:2:12:Infinity":3}}}
,"/Users/jhonny/dev/personal/strapi-generate-types/src/file-system/exists.ts": {"path":"/Users/jhonny/dev/personal/strapi-generate-types/src/file-system/exists.ts","statementMap":{"0":{"start":{"line":7,"column":22},"end":{"line":22,"column":null}},"1":{"start":{"line":8,"column":2},"end":{"line":21,"column":null}},"2":{"start":{"line":9,"column":4},"end":{"line":9,"column":null}},"3":{"start":{"line":10,"column":4},"end":{"line":10,"column":null}},"4":{"start":{"line":12,"column":4},"end":{"line":18,"column":null}},"5":{"start":{"line":13,"column":6},"end":{"line":13,"column":null}},"6":{"start":{"line":15,"column":18},"end":{"line":15,"column":null}},"7":{"start":{"line":16,"column":6},"end":{"line":16,"column":null}},"8":{"start":{"line":17,"column":6},"end":{"line":17,"column":null}},"9":{"start":{"line":20,"column":4},"end":{"line":20,"column":null}}},"fnMap":{"0":{"name":"(anonymous_0)","decl":{"start":{"line":7,"column":22},"end":{"line":7,"column":29}},"loc":{"start":{"line":7,"column":79},"end":{"line":22,"column":null}},"line":7}},"branchMap":{"0":{"loc":{"start":{"line":12,"column":4},"end":{"line":18,"column":null}},"type":"if","locations":[{"start":{"line":12,"column":4},"end":{"line":18,"column":null}},{"start":{},"end":{}}],"line":12}},"s":{"0":1,"1":4,"2":4,"3":1,"4":3,"5":1,"6":1,"7":1,"8":1,"9":2},"f":{"0":4},"b":{"0":[1,2]},"meta":{"lastBranch":1,"lastFunction":1,"lastStatement":10,"seen":{"s:7:22:22:Infinity":0,"f:7:22:7:29":0,"s:8:2:21:Infinity":1,"s:9:4:9:Infinity":2,"s:10:4:10:Infinity":3,"b:12:4:18:Infinity:undefined:undefined:undefined:undefined":0,"s:12:4:18:Infinity":4,"s:13:6:13:Infinity":5,"s:15:18:15:Infinity":6,"s:16:6:16:Infinity":7,"s:17:6:17:Infinity":8,"s:20:4:20:Infinity":9}}}
,"/Users/jhonny/dev/personal/strapi-generate-types/src/file-system/get-api-schemas.ts": {"path":"/Users/jhonny/dev/personal/strapi-generate-types/src/file-system/get-api-schemas.ts","statementMap":{"0":{"start":{"line":4,"column":15},"end":{"line":4,"column":null}},"1":{"start":{"line":15,"column":29},"end":{"line":20,"column":null}},"2":{"start":{"line":16,"column":21},"end":{"line":16,"column":null}},"3":{"start":{"line":17,"column":2},"end":{"line":19,"column":null}},"4":{"start":{"line":18,"column":16},"end":{"line":18,"column":70}},"5":{"start":{"line":19,"column":20},"end":{"line":19,"column":44}}},"fnMap":{"0":{"name":"(anonymous_0)","decl":{"start":{"line":15,"column":29},"end":{"line":15,"column":41}},"loc":{"start":{"line":15,"column":41},"end":{"line":20,"column":null}},"line":15},"1":{"name":"(anonymous_1)","decl":{"start":{"line":18,"column":5},"end":{"line":18,"column":10}},"loc":{"start":{"line":18,"column":16},"end":{"line":18,"column":70}},"line":18},"2":{"name":"(anonymous_2)","decl":{"start":{"line":19,"column":5},"end":{"line":19,"column":11}},"loc":{"start":{"line":19,"column":20},"end":{"line":19,"column":44}},"line":19}},"branchMap":{},"s":{"0":1,"1":1,"2":3,"3":3,"4":3,"5":1},"f":{"0":3,"1":3,"2":1},"b":{},"meta":{"lastBranch":0,"lastFunction":3,"lastStatement":6,"seen":{"s:4:15:4:Infinity":0,"s:15:29:20:Infinity":1,"f:15:29:15:41":0,"s:16:21:16:Infinity":2,"s:17:2:19:Infinity":3,"f:18:5:18:10":1,"s:18:16:18:70":4,"f:19:5:19:11":2,"s:19:20:19:44":5}}}
,"/Users/jhonny/dev/personal/strapi-generate-types/src/file-system/get-components.schemas.ts": {"path":"/Users/jhonny/dev/personal/strapi-generate-types/src/file-system/get-components.schemas.ts","statementMap":{"0":{"start":{"line":5,"column":15},"end":{"line":5,"column":null}},"1":{"start":{"line":15,"column":36},"end":{"line":23,"column":null}},"2":{"start":{"line":16,"column":35},"end":{"line":18,"column":null}},"3":{"start":{"line":20,"column":2},"end":{"line":22,"column":null}},"4":{"start":{"line":20,"column":58},"end":{"line":20,"column":75}},"5":{"start":{"line":22,"column":20},"end":{"line":22,"column":44}}},"fnMap":{"0":{"name":"(anonymous_0)","decl":{"start":{"line":15,"column":36},"end":{"line":15,"column":48}},"loc":{"start":{"line":15,"column":48},"end":{"line":23,"column":null}},"line":15},"1":{"name":"(anonymous_1)","decl":{"start":{"line":20,"column":53},"end":{"line":20,"column":58}},"loc":{"start":{"line":20,"column":58},"end":{"line":20,"column":75}},"line":20},"2":{"name":"(anonymous_2)","decl":{"start":{"line":22,"column":5},"end":{"line":22,"column":11}},"loc":{"start":{"line":22,"column":20},"end":{"line":22,"column":44}},"line":22}},"branchMap":{},"s":{"0":1,"1":1,"2":3,"3":3,"4":4,"5":5},"f":{"0":3,"1":4,"2":5},"b":{},"meta":{"lastBranch":0,"lastFunction":3,"lastStatement":6,"seen":{"s:5:15:5:Infinity":0,"s:15:36:23:Infinity":1,"f:15:36:15:48":0,"s:16:35:18:Infinity":2,"s:20:2:22:Infinity":3,"f:20:53:20:58":1,"s:20:58:20:75":4,"f:22:5:22:11":2,"s:22:20:22:44":5}}}
,"/Users/jhonny/dev/personal/strapi-generate-types/src/file-system/get-file-if-exists.ts": {"path":"/Users/jhonny/dev/personal/strapi-generate-types/src/file-system/get-file-if-exists.ts","statementMap":{"0":{"start":{"line":7,"column":31},"end":{"line":13,"column":null}},"1":{"start":{"line":8,"column":2},"end":{"line":10,"column":null}},"2":{"start":{"line":9,"column":4},"end":{"line":9,"column":null}},"3":{"start":{"line":12,"column":2},"end":{"line":12,"column":null}}},"fnMap":{"0":{"name":"(anonymous_0)","decl":{"start":{"line":7,"column":31},"end":{"line":7,"column":38}},"loc":{"start":{"line":7,"column":55},"end":{"line":13,"column":null}},"line":7}},"branchMap":{"0":{"loc":{"start":{"line":8,"column":2},"end":{"line":10,"column":null}},"type":"if","locations":[{"start":{"line":8,"column":2},"end":{"line":10,"column":null}},{"start":{},"end":{}}],"line":8}},"s":{"0":1,"1":3,"2":1,"3":2},"f":{"0":3},"b":{"0":[1,2]},"meta":{"lastBranch":1,"lastFunction":1,"lastStatement":4,"seen":{"s:7:31:13:Infinity":0,"f:7:31:7:38":0,"b:8:2:10:Infinity:undefined:undefined:undefined:undefined":0,"s:8:2:10:Infinity":1,"s:9:4:9:Infinity":2,"s:12:2:12:Infinity":3}}}
,"/Users/jhonny/dev/personal/strapi-generate-types/src/file-system/get-files.ts": {"path":"/Users/jhonny/dev/personal/strapi-generate-types/src/file-system/get-files.ts","statementMap":{"0":{"start":{"line":7,"column":24},"end":{"line":25,"column":null}},"1":{"start":{"line":8,"column":2},"end":{"line":10,"column":null}},"2":{"start":{"line":9,"column":4},"end":{"line":9,"column":null}},"3":{"start":{"line":12,"column":18},"end":{"line":12,"column":null}},"4":{"start":{"line":13,"column":26},"end":{"line":13,"column":null}},"5":{"start":{"line":15,"column":2},"end":{"line":22,"column":null}},"6":{"start":{"line":17,"column":21},"end":{"line":17,"column":null}},"7":{"start":{"line":18,"column":6},"end":{"line":20,"column":null}},"8":{"start":{"line":19,"column":8},"end":{"line":19,"column":null}},"9":{"start":{"line":24,"column":2},"end":{"line":24,"column":null}}},"fnMap":{"0":{"name":"(anonymous_0)","decl":{"start":{"line":7,"column":24},"end":{"line":7,"column":31}},"loc":{"start":{"line":7,"column":48},"end":{"line":25,"column":null}},"line":7},"1":{"name":"(anonymous_1)","decl":{"start":{"line":16,"column":16},"end":{"line":16,"column":23}},"loc":{"start":{"line":16,"column":32},"end":{"line":21,"column":5}},"line":16}},"branchMap":{"0":{"loc":{"start":{"line":8,"column":2},"end":{"line":10,"column":null}},"type":"if","locations":[{"start":{"line":8,"column":2},"end":{"line":10,"column":null}},{"start":{},"end":{}}],"line":8},"1":{"loc":{"start":{"line":18,"column":6},"end":{"line":20,"column":null}},"type":"if","locations":[{"start":{"line":18,"column":6},"end":{"line":20,"column":null}},{"start":{},"end":{}}],"line":18}},"s":{"0":1,"1":4,"2":1,"3":3,"4":3,"5":3,"6":4,"7":4,"8":3,"9":3},"f":{"0":4,"1":4},"b":{"0":[1,3],"1":[3,1]},"meta":{"lastBranch":2,"lastFunction":2,"lastStatement":10,"seen":{"s:7:24:25:Infinity":0,"f:7:24:7:31":0,"b:8:2:10:Infinity:undefined:undefined:undefined:undefined":0,"s:8:2:10:Infinity":1,"s:9:4:9:Infinity":2,"s:12:18:12:Infinity":3,"s:13:26:13:Infinity":4,"s:15:2:22:Infinity":5,"f:16:16:16:23":1,"s:17:21:17:Infinity":6,"b:18:6:20:Infinity:undefined:undefined:undefined:undefined":1,"s:18:6:20:Infinity":7,"s:19:8:19:Infinity":8,"s:24:2:24:Infinity":9}}}
,"/Users/jhonny/dev/personal/strapi-generate-types/src/file-system/get-subdirectories.ts": {"path":"/Users/jhonny/dev/personal/strapi-generate-types/src/file-system/get-subdirectories.ts","statementMap":{"0":{"start":{"line":7,"column":33},"end":{"line":25,"column":null}},"1":{"start":{"line":8,"column":2},"end":{"line":10,"column":null}},"2":{"start":{"line":9,"column":4},"end":{"line":9,"column":null}},"3":{"start":{"line":12,"column":18},"end":{"line":12,"column":null}},"4":{"start":{"line":13,"column":32},"end":{"line":13,"column":null}},"5":{"start":{"line":15,"column":2},"end":{"line":22,"column":null}},"6":{"start":{"line":17,"column":12},"end":{"line":17,"column":null}},"7":{"start":{"line":18,"column":6},"end":{"line":20,"column":null}},"8":{"start":{"line":19,"column":8},"end":{"line":19,"column":null}},"9":{"start":{"line":24,"column":2},"end":{"line":24,"column":null}}},"fnMap":{"0":{"name":"(anonymous_0)","decl":{"start":{"line":7,"column":33},"end":{"line":7,"column":40}},"loc":{"start":{"line":7,"column":57},"end":{"line":25,"column":null}},"line":7},"1":{"name":"(anonymous_1)","decl":{"start":{"line":16,"column":16},"end":{"line":16,"column":23}},"loc":{"start":{"line":16,"column":32},"end":{"line":21,"column":5}},"line":16}},"branchMap":{"0":{"loc":{"start":{"line":8,"column":2},"end":{"line":10,"column":null}},"type":"if","locations":[{"start":{"line":8,"column":2},"end":{"line":10,"column":null}},{"start":{},"end":{}}],"line":8},"1":{"loc":{"start":{"line":18,"column":6},"end":{"line":20,"column":null}},"type":"if","locations":[{"start":{"line":18,"column":6},"end":{"line":20,"column":null}},{"start":{},"end":{}}],"line":18}},"s":{"0":1,"1":4,"2":1,"3":3,"4":3,"5":3,"6":5,"7":5,"8":3,"9":3},"f":{"0":4,"1":5},"b":{"0":[1,3],"1":[3,2]},"meta":{"lastBranch":2,"lastFunction":2,"lastStatement":10,"seen":{"s:7:33:25:Infinity":0,"f:7:33:7:40":0,"b:8:2:10:Infinity:undefined:undefined:undefined:undefined":0,"s:8:2:10:Infinity":1,"s:9:4:9:Infinity":2,"s:12:18:12:Infinity":3,"s:13:32:13:Infinity":4,"s:15:2:22:Infinity":5,"f:16:16:16:23":1,"s:17:12:17:Infinity":6,"b:18:6:20:Infinity:undefined:undefined:undefined:undefined":1,"s:18:6:20:Infinity":7,"s:19:8:19:Infinity":8,"s:24:2:24:Infinity":9}}}
,"/Users/jhonny/dev/personal/strapi-generate-types/src/utils/get-cli-argument.ts": {"path":"/Users/jhonny/dev/personal/strapi-generate-types/src/utils/get-cli-argument.ts","statementMap":{"0":{"start":{"line":7,"column":13},"end":{"line":11,"column":null}},"1":{"start":{"line":8,"column":2},"end":{"line":10,"column":null}},"2":{"start":{"line":9,"column":19},"end":{"line":9,"column":50}}},"fnMap":{"0":{"name":"(anonymous_0)","decl":{"start":{"line":7,"column":13},"end":{"line":7,"column":31}},"loc":{"start":{"line":7,"column":52},"end":{"line":11,"column":null}},"line":7},"1":{"name":"(anonymous_1)","decl":{"start":{"line":9,"column":5},"end":{"line":9,"column":11}},"loc":{"start":{"line":9,"column":19},"end":{"line":9,"column":50}},"line":9}},"branchMap":{},"s":{"0":1,"1":6,"2":18},"f":{"0":6,"1":18},"b":{},"meta":{"lastBranch":0,"lastFunction":2,"lastStatement":3,"seen":{"s:7:13:11:Infinity":0,"f:7:13:7:31":0,"s:8:2:10:Infinity":1,"f:9:5:9:11":1,"s:9:19:9:50":2}}}
,"/Users/jhonny/dev/personal/strapi-generate-types/src/utils/get-config.ts": {"path":"/Users/jhonny/dev/personal/strapi-generate-types/src/utils/get-config.ts","statementMap":{"0":{"start":{"line":11,"column":25},"end":{"line":41,"column":null}},"1":{"start":{"line":12,"column":2},"end":{"line":14,"column":null}},"2":{"start":{"line":13,"column":4},"end":{"line":13,"column":null}},"3":{"start":{"line":16,"column":8},"end":{"line":16,"column":null}},"4":{"start":{"line":17,"column":21},"end":{"line":17,"column":null}},"5":{"start":{"line":18,"column":8},"end":{"line":18,"column":null}},"6":{"start":{"line":20,"column":8},"end":{"line":20,"column":null}},"7":{"start":{"line":21,"column":8},"end":{"line":21,"column":null}},"8":{"start":{"line":22,"column":8},"end":{"line":22,"column":null}},"9":{"start":{"line":23,"column":22},"end":{"line":23,"column":null}},"10":{"start":{"line":24,"column":23},"end":{"line":24,"column":null}},"11":{"start":{"line":25,"column":8},"end":{"line":26,"column":null}},"12":{"start":{"line":28,"column":30},"end":{"line":36,"column":null}},"13":{"start":{"line":38,"column":2},"end":{"line":38,"column":null}},"14":{"start":{"line":40,"column":2},"end":{"line":40,"column":null}}},"fnMap":{"0":{"name":"(anonymous_0)","decl":{"start":{"line":11,"column":25},"end":{"line":11,"column":37}},"loc":{"start":{"line":11,"column":37},"end":{"line":41,"column":null}},"line":11}},"branchMap":{"0":{"loc":{"start":{"line":12,"column":2},"end":{"line":14,"column":null}},"type":"if","locations":[{"start":{"line":12,"column":2},"end":{"line":14,"column":null}},{"start":{},"end":{}}],"line":12},"1":{"loc":{"start":{"line":16,"column":8},"end":{"line":16,"column":null}},"type":"binary-expr","locations":[{"start":{"line":16,"column":8},"end":{"line":16,"column":36}},{"start":{"line":16,"column":36},"end":{"line":16,"column":null}}],"line":16},"2":{"loc":{"start":{"line":18,"column":8},"end":{"line":18,"column":null}},"type":"binary-expr","locations":[{"start":{"line":18,"column":8},"end":{"line":18,"column":39}},{"start":{"line":18,"column":39},"end":{"line":18,"column":null}}],"line":18},"3":{"loc":{"start":{"line":20,"column":8},"end":{"line":20,"column":null}},"type":"binary-expr","locations":[{"start":{"line":20,"column":8},"end":{"line":20,"column":40}},{"start":{"line":20,"column":40},"end":{"line":20,"column":58}},{"start":{"line":20,"column":58},"end":{"line":20,"column":null}}],"line":20},"4":{"loc":{"start":{"line":21,"column":8},"end":{"line":21,"column":null}},"type":"binary-expr","locations":[{"start":{"line":21,"column":8},"end":{"line":21,"column":40}},{"start":{"line":21,"column":40},"end":{"line":21,"column":58}},{"start":{"line":21,"column":58},"end":{"line":21,"column":null}}],"line":21},"5":{"loc":{"start":{"line":22,"column":8},"end":{"line":22,"column":null}},"type":"binary-expr","locations":[{"start":{"line":22,"column":8},"end":{"line":22,"column":38}},{"start":{"line":22,"column":38},"end":{"line":22,"column":55}},{"start":{"line":22,"column":55},"end":{"line":22,"column":null}}],"line":22},"6":{"loc":{"start":{"line":25,"column":8},"end":{"line":26,"column":null}},"type":"binary-expr","locations":[{"start":{"line":25,"column":8},"end":{"line":26,"column":38}},{"start":{"line":26,"column":38},"end":{"line":26,"column":59}},{"start":{"line":26,"column":59},"end":{"line":26,"column":null}}],"line":25}},"s":{"0":6,"1":7,"2":1,"3":6,"4":7,"5":6,"6":7,"7":7,"8":7,"9":7,"10":6,"11":7,"12":7,"13":7,"14":7},"f":{"0":7},"b":{"0":[1,6],"1":[6,6],"2":[6,5],"3":[7,5,4],"4":[7,4,4],"5":[7,5,4],"6":[7,6,6]},"meta":{"lastBranch":7,"lastFunction":1,"lastStatement":15,"seen":{"s:11:25:41:Infinity":0,"f:11:25:11:37":0,"b:12:2:14:Infinity:undefined:undefined:undefined:undefined":0,"s:12:2:14:Infinity":1,"s:13:4:13:Infinity":2,"s:16:8:16:Infinity":3,"b:16:8:16:36:16:36:16:Infinity":1,"s:17:21:17:Infinity":4,"s:18:8:18:Infinity":5,"b:18:8:18:39:18:39:18:Infinity":2,"s:20:8:20:Infinity":6,"b:20:8:20:40:20:40:20:58:20:58:20:Infinity":3,"s:21:8:21:Infinity":7,"b:21:8:21:40:21:40:21:58:21:58:21:Infinity":4,"s:22:8:22:Infinity":8,"b:22:8:22:38:22:38:22:55:22:55:22:Infinity":5,"s:23:22:23:Infinity":9,"s:24:23:24:Infinity":10,"s:25:8:26:Infinity":11,"b:25:8:26:38:26:38:26:59:26:59:26:Infinity":6,"s:28:30:36:Infinity":12,"s:38:2:38:Infinity":13,"s:40:2:40:Infinity":14}}}
,"/Users/jhonny/dev/personal/strapi-generate-types/src/utils/is-nullable.ts": {"path":"/Users/jhonny/dev/personal/strapi-generate-types/src/utils/is-nullable.ts","statementMap":{"0":{"start":{"line":6,"column":13},"end":{"line":8,"column":null}},"1":{"start":{"line":7,"column":2},"end":{"line":7,"column":null}}},"fnMap":{"0":{"name":"(anonymous_0)","decl":{"start":{"line":6,"column":13},"end":{"line":6,"column":27}},"loc":{"start":{"line":6,"column":52},"end":{"line":8,"column":null}},"line":6}},"branchMap":{"0":{"loc":{"start":{"line":7,"column":9},"end":{"line":7,"column":null}},"type":"binary-expr","locations":[{"start":{"line":7,"column":9},"end":{"line":7,"column":39}},{"start":{"line":7,"column":39},"end":{"line":7,"column":null}}],"line":7}},"s":{"0":5,"1":50},"f":{"0":50},"b":{"0":[50,4]},"meta":{"lastBranch":1,"lastFunction":1,"lastStatement":2,"seen":{"s:6:13:8:Infinity":0,"f:6:13:6:27":0,"s:7:2:7:Infinity":1,"b:7:9:7:39:7:39:7:Infinity":0}}}
,"/Users/jhonny/dev/personal/strapi-generate-types/src/utils/parse-json.ts": {"path":"/Users/jhonny/dev/personal/strapi-generate-types/src/utils/parse-json.ts","statementMap":{"0":{"start":{"line":4,"column":13},"end":{"line":13,"column":null}},"1":{"start":{"line":5,"column":2},"end":{"line":12,"column":null}},"2":{"start":{"line":6,"column":16},"end":{"line":6,"column":null}},"3":{"start":{"line":7,"column":4},"end":{"line":11,"column":null}},"4":{"start":{"line":8,"column":6},"end":{"line":8,"column":null}},"5":{"start":{"line":10,"column":6},"end":{"line":10,"column":null}}},"fnMap":{"0":{"name":"(anonymous_0)","decl":{"start":{"line":4,"column":13},"end":{"line":4,"column":26}},"loc":{"start":{"line":4,"column":42},"end":{"line":13,"column":null}},"line":4}},"branchMap":{"0":{"loc":{"start":{"line":4,"column":26},"end":{"line":4,"column":42}},"type":"default-arg","locations":[{"start":{"line":4,"column":35},"end":{"line":4,"column":42}}],"line":4},"1":{"loc":{"start":{"line":7,"column":4},"end":{"line":11,"column":null}},"type":"if","locations":[{"start":{"line":7,"column":4},"end":{"line":11,"column":null}},{"start":{"line":9,"column":11},"end":{"line":11,"column":null}}],"line":7}},"s":{"0":7,"1":20,"2":20,"3":20,"4":4,"5":2},"f":{"0":20},"b":{"0":[20],"1":[4,2]},"meta":{"lastBranch":2,"lastFunction":1,"lastStatement":6,"seen":{"s:4:13:13:Infinity":0,"f:4:13:4:26":0,"b:4:35:4:42":0,"s:5:2:12:Infinity":1,"s:6:16:6:Infinity":2,"b:7:4:11:Infinity:9:11:11:Infinity":1,"s:7:4:11:Infinity":3,"s:8:6:8:Infinity":4,"s:10:6:10:Infinity":5}}}
,"/Users/jhonny/dev/personal/strapi-generate-types/src/utils/prettify.ts": {"path":"/Users/jhonny/dev/personal/strapi-generate-types/src/utils/prettify.ts","statementMap":{"0":{"start":{"line":6,"column":13},"end":{"line":10,"column":null}},"1":{"start":{"line":7,"column":2},"end":{"line":9,"column":null}},"2":{"start":{"line":7,"column":48},"end":{"line":7,"column":64}}},"fnMap":{"0":{"name":"(anonymous_0)","decl":{"start":{"line":6,"column":13},"end":{"line":6,"column":25}},"loc":{"start":{"line":6,"column":59},"end":{"line":10,"column":null}},"line":6},"1":{"name":"(anonymous_1)","decl":{"start":{"line":7,"column":37},"end":{"line":7,"column":42}},"loc":{"start":{"line":7,"column":48},"end":{"line":7,"column":64}},"line":7}},"branchMap":{},"s":{"0":1,"1":3,"2":5},"f":{"0":3,"1":5},"b":{},"meta":{"lastBranch":0,"lastFunction":2,"lastStatement":3,"seen":{"s:6:13:10:Infinity":0,"f:6:13:6:25":0,"s:7:2:9:Infinity":1,"f:7:37:7:42":1,"s:7:48:7:64":2}}}
,"/Users/jhonny/dev/personal/strapi-generate-types/src/utils/title-case.ts": {"path":"/Users/jhonny/dev/personal/strapi-generate-types/src/utils/title-case.ts","statementMap":{"0":{"start":{"line":4,"column":13},"end":{"line":11,"column":null}},"1":{"start":{"line":5,"column":16},"end":{"line":5,"column":null}},"2":{"start":{"line":6,"column":2},"end":{"line":10,"column":null}},"3":{"start":{"line":8,"column":16},"end":{"line":8,"column":null}}},"fnMap":{"0":{"name":"(anonymous_0)","decl":{"start":{"line":4,"column":13},"end":{"line":4,"column":26}},"loc":{"start":{"line":4,"column":39},"end":{"line":11,"column":null}},"line":4},"1":{"name":"(anonymous_1)","decl":{"start":{"line":7,"column":5},"end":{"line":7,"column":null}},"loc":{"start":{"line":8,"column":16},"end":{"line":8,"column":null}},"line":8}},"branchMap":{"0":{"loc":{"start":{"line":4,"column":26},"end":{"line":4,"column":39}},"type":"default-arg","locations":[{"start":{"line":4,"column":32},"end":{"line":4,"column":39}}],"line":4},"1":{"loc":{"start":{"line":5,"column":16},"end":{"line":5,"column":null}},"type":"binary-expr","locations":[{"start":{"line":5,"column":16},"end":{"line":5,"column":41}},{"start":{"line":5,"column":41},"end":{"line":5,"column":null}}],"line":5}},"s":{"0":7,"1":34,"2":34,"3":40},"f":{"0":34,"1":40},"b":{"0":[34],"1":[34,2]},"meta":{"lastBranch":2,"lastFunction":2,"lastStatement":4,"seen":{"s:4:13:11:Infinity":0,"f:4:13:4:26":0,"b:4:32:4:39":0,"s:5:16:5:Infinity":1,"b:5:16:5:41:5:41:5:Infinity":1,"s:6:2:10:Infinity":2,"f:7:5:7:Infinity":1,"s:8:16:8:Infinity":3}}}
}
